<?xml version="1.0" encoding="UTF-8"?>
<testng-results skipped="0" failed="0" ignored="0" total="1" passed="1">
  <reporter-output>
  </reporter-output>
  <suite name="Default suite" duration-ms="15159" started-at="2024-03-20T18:03:00 IST" finished-at="2024-03-20T18:03:15 IST">
    <groups>
    </groups>
    <test name="Default test" duration-ms="15159" started-at="2024-03-20T18:03:00 IST" finished-at="2024-03-20T18:03:15 IST">
      <class name="pom_scripts.RegisterScript">
        <test-method status="PASS" signature="launchBrowser()[pri:0, instance:pom_scripts.RegisterScript@4bbfb90a]" name="launchBrowser" is-config="true" duration-ms="12918" started-at="2024-03-20T18:03:00 IST" finished-at="2024-03-20T18:03:13 IST">
          <reporter-output>
          </reporter-output>
        </test-method> <!-- launchBrowser -->
        <test-method status="PASS" signature="register()[pri:0, instance:pom_scripts.RegisterScript@4bbfb90a]" name="register" duration-ms="2198" started-at="2024-03-20T18:03:13 IST" finished-at="2024-03-20T18:03:15 IST">
          <reporter-output>
          </reporter-output>
        </test-method> <!-- register -->
      </class> <!-- pom_scripts.RegisterScript -->
    </test> <!-- Default test -->
  </suite> <!-- Default suite -->
</testng-results>
