<?xml version="1.0" encoding="UTF-8"?>
<!-- Generated by org.testng.reporters.JUnitXMLReporter -->
<testsuite hostname="LAPTOP-T7V8GM1E" ignored="0" name="Test" tests="4" failures="0" timestamp="2024-03-11T16:32:21 IST" time="21.001" errors="0">
  <testcase name="boat" time="7.63" classname="batch_execution.Hotstar"/>
  <testcase name="boat" time="7.93" classname="batch_execution.Prime"/>
  <testcase name="boat" time="8.806" classname="batch_execution.Zee5"/>
  <testcase name="boat" time="20.94" classname="batch_execution.Voot"/>
</testsuite> <!-- Test -->
