<?xml version="1.0" encoding="UTF-8"?>
<!-- Generated by org.testng.reporters.JUnitXMLReporter -->
<testsuite hostname="LAPTOP-T7V8GM1E" ignored="0" name="Test2" tests="3" failures="3" timestamp="2023-12-14T18:24:25 IST" time="17.893" errors="0">
  <testcase name="casioCrossBrowser" time="7.868" classname="cross_browser.CasioCrossBrowser">
    <failure type="org.openqa.selenium.WebDriverException" message="Reached error page: about:neterror?e=dnsNotFound&amp;amp;u=https%3A//www.casio.com/in/watches/casio/standard/vintage/&amp;amp;c=UTF-8&amp;amp;d=We%20can%E2%80%99t%20connect%20to%20the%20server%20at%20www.casio.com.
Build info: version: &amp;apos;4.12.0&amp;apos;, revision: &amp;apos;249f2a7d1b*&amp;apos;
System info: os.name: &amp;apos;Windows 10&amp;apos;, os.arch: &amp;apos;amd64&amp;apos;, os.version: &amp;apos;10.0&amp;apos;, java.version: &amp;apos;1.8.0_65&amp;apos;
Driver info: org.openqa.selenium.firefox.FirefoxDriver
Command: [7622c2a8-85e7-4288-971d-d7c0206cf4ec, get {url=https://www.casio.com/in/watches/casio/standard/vintage/}]
Capabilities {acceptInsecureCerts: true, browserName: firefox, browserVersion: 120.0.1, moz:accessibilityChecks: false, moz:buildID: 20231129155202, moz:debuggerAddress: 127.0.0.1:39875, moz:geckodriverVersion: 0.33.0, moz:headless: false, moz:platformVersion: 10.0, moz:processID: 13384, moz:profile: C:\Users\91846\AppData\Loca..., moz:shutdownTimeout: 60000, moz:webdriverClick: true, moz:windowless: false, pageLoadStrategy: normal, platformName: windows, proxy: Proxy(), se:cdp: ws://127.0.0.1:39875/devtoo..., se:cdpVersion: 85.0, setWindowRect: true, strictFileInteractability: false, timeouts: {implicit: 0, pageLoad: 300000, script: 30000}, unhandledPromptBehavior: dismiss and notify}
Session ID: 7622c2a8-85e7-4288-971d-d7c0206cf4ec">
      <![CDATA[org.openqa.selenium.WebDriverException: Reached error page: about:neterror?e=dnsNotFound&u=https%3A//www.casio.com/in/watches/casio/standard/vintage/&c=UTF-8&d=We%20can%E2%80%99t%20connect%20to%20the%20server%20at%20www.casio.com.
Build info: version: '4.12.0', revision: '249f2a7d1b*'
System info: os.name: 'Windows 10', os.arch: 'amd64', os.version: '10.0', java.version: '1.8.0_65'
Driver info: org.openqa.selenium.firefox.FirefoxDriver
Command: [7622c2a8-85e7-4288-971d-d7c0206cf4ec, get {url=https://www.casio.com/in/watches/casio/standard/vintage/}]
Capabilities {acceptInsecureCerts: true, browserName: firefox, browserVersion: 120.0.1, moz:accessibilityChecks: false, moz:buildID: 20231129155202, moz:debuggerAddress: 127.0.0.1:39875, moz:geckodriverVersion: 0.33.0, moz:headless: false, moz:platformVersion: 10.0, moz:processID: 13384, moz:profile: C:\Users\91846\AppData\Loca..., moz:shutdownTimeout: 60000, moz:webdriverClick: true, moz:windowless: false, pageLoadStrategy: normal, platformName: windows, proxy: Proxy(), se:cdp: ws://127.0.0.1:39875/devtoo..., se:cdpVersion: 85.0, setWindowRect: true, strictFileInteractability: false, timeouts: {implicit: 0, pageLoad: 300000, script: 30000}, unhandledPromptBehavior: dismiss and notify}
Session ID: 7622c2a8-85e7-4288-971d-d7c0206cf4ec
at org.openqa.selenium.remote.codec.w3c.W3CHttpResponseCodec.createException(W3CHttpResponseCodec.java:200)
at org.openqa.selenium.remote.codec.w3c.W3CHttpResponseCodec.decode(W3CHttpResponseCodec.java:133)
at org.openqa.selenium.remote.codec.w3c.W3CHttpResponseCodec.decode(W3CHttpResponseCodec.java:52)
at org.openqa.selenium.remote.HttpCommandExecutor.execute(HttpCommandExecutor.java:191)
at org.openqa.selenium.remote.service.DriverCommandExecutor.invokeExecute(DriverCommandExecutor.java:196)
at org.openqa.selenium.remote.service.DriverCommandExecutor.execute(DriverCommandExecutor.java:171)
at org.openqa.selenium.remote.RemoteWebDriver.execute(RemoteWebDriver.java:602)
at org.openqa.selenium.remote.RemoteWebDriver.get(RemoteWebDriver.java:304)
at cross_browser.CasioCrossBrowser.casioCrossBrowser(CasioCrossBrowser.java:32)
at java.util.ArrayList.forEach(Unknown Source)
... Removed 31 stack frames]]>
    </failure>
  </testcase> <!-- casioCrossBrowser -->
  <testcase name="casioCrossBrowser" time="4.5" classname="cross_browser.FireBoittCrossBrowser">
    <failure type="org.openqa.selenium.WebDriverException" message="Reached error page: about:neterror?e=dnsNotFound&amp;amp;u=https%3A//www.fireboltt.com/&amp;amp;c=UTF-8&amp;amp;d=We%20can%E2%80%99t%20connect%20to%20the%20server%20at%20www.fireboltt.com.
Build info: version: &amp;apos;4.12.0&amp;apos;, revision: &amp;apos;249f2a7d1b*&amp;apos;
System info: os.name: &amp;apos;Windows 10&amp;apos;, os.arch: &amp;apos;amd64&amp;apos;, os.version: &amp;apos;10.0&amp;apos;, java.version: &amp;apos;1.8.0_65&amp;apos;
Driver info: org.openqa.selenium.firefox.FirefoxDriver
Command: [efc83210-1cf7-47b8-bc6b-8ca9470d42a0, get {url=https://www.fireboltt.com/}]
Capabilities {acceptInsecureCerts: true, browserName: firefox, browserVersion: 120.0.1, moz:accessibilityChecks: false, moz:buildID: 20231129155202, moz:debuggerAddress: 127.0.0.1:48002, moz:geckodriverVersion: 0.33.0, moz:headless: false, moz:platformVersion: 10.0, moz:processID: 15652, moz:profile: C:\Users\91846\AppData\Loca..., moz:shutdownTimeout: 60000, moz:webdriverClick: true, moz:windowless: false, pageLoadStrategy: normal, platformName: windows, proxy: Proxy(), se:cdp: ws://127.0.0.1:48002/devtoo..., se:cdpVersion: 85.0, setWindowRect: true, strictFileInteractability: false, timeouts: {implicit: 0, pageLoad: 300000, script: 30000}, unhandledPromptBehavior: dismiss and notify}
Session ID: efc83210-1cf7-47b8-bc6b-8ca9470d42a0">
      <![CDATA[org.openqa.selenium.WebDriverException: Reached error page: about:neterror?e=dnsNotFound&u=https%3A//www.fireboltt.com/&c=UTF-8&d=We%20can%E2%80%99t%20connect%20to%20the%20server%20at%20www.fireboltt.com.
Build info: version: '4.12.0', revision: '249f2a7d1b*'
System info: os.name: 'Windows 10', os.arch: 'amd64', os.version: '10.0', java.version: '1.8.0_65'
Driver info: org.openqa.selenium.firefox.FirefoxDriver
Command: [efc83210-1cf7-47b8-bc6b-8ca9470d42a0, get {url=https://www.fireboltt.com/}]
Capabilities {acceptInsecureCerts: true, browserName: firefox, browserVersion: 120.0.1, moz:accessibilityChecks: false, moz:buildID: 20231129155202, moz:debuggerAddress: 127.0.0.1:48002, moz:geckodriverVersion: 0.33.0, moz:headless: false, moz:platformVersion: 10.0, moz:processID: 15652, moz:profile: C:\Users\91846\AppData\Loca..., moz:shutdownTimeout: 60000, moz:webdriverClick: true, moz:windowless: false, pageLoadStrategy: normal, platformName: windows, proxy: Proxy(), se:cdp: ws://127.0.0.1:48002/devtoo..., se:cdpVersion: 85.0, setWindowRect: true, strictFileInteractability: false, timeouts: {implicit: 0, pageLoad: 300000, script: 30000}, unhandledPromptBehavior: dismiss and notify}
Session ID: efc83210-1cf7-47b8-bc6b-8ca9470d42a0
at org.openqa.selenium.remote.codec.w3c.W3CHttpResponseCodec.createException(W3CHttpResponseCodec.java:200)
at org.openqa.selenium.remote.codec.w3c.W3CHttpResponseCodec.decode(W3CHttpResponseCodec.java:133)
at org.openqa.selenium.remote.codec.w3c.W3CHttpResponseCodec.decode(W3CHttpResponseCodec.java:52)
at org.openqa.selenium.remote.HttpCommandExecutor.execute(HttpCommandExecutor.java:191)
at org.openqa.selenium.remote.service.DriverCommandExecutor.invokeExecute(DriverCommandExecutor.java:196)
at org.openqa.selenium.remote.service.DriverCommandExecutor.execute(DriverCommandExecutor.java:171)
at org.openqa.selenium.remote.RemoteWebDriver.execute(RemoteWebDriver.java:602)
at org.openqa.selenium.remote.RemoteWebDriver.get(RemoteWebDriver.java:304)
at cross_browser.FireBoittCrossBrowser.casioCrossBrowser(FireBoittCrossBrowser.java:32)
at java.util.ArrayList.forEach(Unknown Source)
... Removed 31 stack frames]]>
    </failure>
  </testcase> <!-- casioCrossBrowser -->
  <testcase name="casioCrossBrowser" time="5.499" classname="cross_browser.BoatCrossBrowser">
    <failure type="org.openqa.selenium.WebDriverException" message="Reached error page: about:neterror?e=dnsNotFound&amp;amp;u=https%3A//www.boat-lifestyle.com/&amp;amp;c=UTF-8&amp;amp;d=We%20can%E2%80%99t%20connect%20to%20the%20server%20at%20www.boat-lifestyle.com.
Build info: version: &amp;apos;4.12.0&amp;apos;, revision: &amp;apos;249f2a7d1b*&amp;apos;
System info: os.name: &amp;apos;Windows 10&amp;apos;, os.arch: &amp;apos;amd64&amp;apos;, os.version: &amp;apos;10.0&amp;apos;, java.version: &amp;apos;1.8.0_65&amp;apos;
Driver info: org.openqa.selenium.firefox.FirefoxDriver
Command: [1c7df182-6844-4f16-bcf7-e4b0032391ea, get {url=https://www.boat-lifestyle.com/}]
Capabilities {acceptInsecureCerts: true, browserName: firefox, browserVersion: 120.0.1, moz:accessibilityChecks: false, moz:buildID: 20231129155202, moz:debuggerAddress: 127.0.0.1:18204, moz:geckodriverVersion: 0.33.0, moz:headless: false, moz:platformVersion: 10.0, moz:processID: 6448, moz:profile: C:\Users\91846\AppData\Loca..., moz:shutdownTimeout: 60000, moz:webdriverClick: true, moz:windowless: false, pageLoadStrategy: normal, platformName: windows, proxy: Proxy(), se:cdp: ws://127.0.0.1:18204/devtoo..., se:cdpVersion: 85.0, setWindowRect: true, strictFileInteractability: false, timeouts: {implicit: 0, pageLoad: 300000, script: 30000}, unhandledPromptBehavior: dismiss and notify}
Session ID: 1c7df182-6844-4f16-bcf7-e4b0032391ea">
      <![CDATA[org.openqa.selenium.WebDriverException: Reached error page: about:neterror?e=dnsNotFound&u=https%3A//www.boat-lifestyle.com/&c=UTF-8&d=We%20can%E2%80%99t%20connect%20to%20the%20server%20at%20www.boat-lifestyle.com.
Build info: version: '4.12.0', revision: '249f2a7d1b*'
System info: os.name: 'Windows 10', os.arch: 'amd64', os.version: '10.0', java.version: '1.8.0_65'
Driver info: org.openqa.selenium.firefox.FirefoxDriver
Command: [1c7df182-6844-4f16-bcf7-e4b0032391ea, get {url=https://www.boat-lifestyle.com/}]
Capabilities {acceptInsecureCerts: true, browserName: firefox, browserVersion: 120.0.1, moz:accessibilityChecks: false, moz:buildID: 20231129155202, moz:debuggerAddress: 127.0.0.1:18204, moz:geckodriverVersion: 0.33.0, moz:headless: false, moz:platformVersion: 10.0, moz:processID: 6448, moz:profile: C:\Users\91846\AppData\Loca..., moz:shutdownTimeout: 60000, moz:webdriverClick: true, moz:windowless: false, pageLoadStrategy: normal, platformName: windows, proxy: Proxy(), se:cdp: ws://127.0.0.1:18204/devtoo..., se:cdpVersion: 85.0, setWindowRect: true, strictFileInteractability: false, timeouts: {implicit: 0, pageLoad: 300000, script: 30000}, unhandledPromptBehavior: dismiss and notify}
Session ID: 1c7df182-6844-4f16-bcf7-e4b0032391ea
at org.openqa.selenium.remote.codec.w3c.W3CHttpResponseCodec.createException(W3CHttpResponseCodec.java:200)
at org.openqa.selenium.remote.codec.w3c.W3CHttpResponseCodec.decode(W3CHttpResponseCodec.java:133)
at org.openqa.selenium.remote.codec.w3c.W3CHttpResponseCodec.decode(W3CHttpResponseCodec.java:52)
at org.openqa.selenium.remote.HttpCommandExecutor.execute(HttpCommandExecutor.java:191)
at org.openqa.selenium.remote.service.DriverCommandExecutor.invokeExecute(DriverCommandExecutor.java:196)
at org.openqa.selenium.remote.service.DriverCommandExecutor.execute(DriverCommandExecutor.java:171)
at org.openqa.selenium.remote.RemoteWebDriver.execute(RemoteWebDriver.java:602)
at org.openqa.selenium.remote.RemoteWebDriver.get(RemoteWebDriver.java:304)
at cross_browser.BoatCrossBrowser.casioCrossBrowser(BoatCrossBrowser.java:32)
at java.util.ArrayList.forEach(Unknown Source)
... Removed 31 stack frames]]>
    </failure>
  </testcase> <!-- casioCrossBrowser -->
</testsuite> <!-- Test2 -->
